<?xml version="1.0" encoding="utf-8"?><testsuites><testsuite name="pytest" errors="0" failures="0" skipped="0" tests="1" time="1.093" timestamp="2024-11-24T10:09:37.095871+00:00" hostname="fv-az1446-508"><testcase classname="tests.test_example" name="test_add_numbers" time="0.001" /></testsuite></testsuites>