<?xml version="1.0" encoding="utf-8"?><testsuites><testsuite name="pytest" errors="0" failures="0" skipped="0" tests="1" time="0.789" timestamp="2024-02-29T20:15:36.853968" hostname="fv-az702-67"><testcase classname="tests.test_example" name="test_add_numbers" time="0.001" /></testsuite></testsuites>