<?xml version="1.0" encoding="utf-8"?><testsuites><testsuite name="pytest" errors="0" failures="0" skipped="0" tests="1" time="1.188" timestamp="2024-09-18T18:44:05.417129+00:00" hostname="fv-az1445-357"><testcase classname="tests.test_example" name="test_add_numbers" time="0.001" /></testsuite></testsuites>