<?xml version="1.0" encoding="utf-8"?><testsuites><testsuite name="pytest" errors="0" failures="0" skipped="0" tests="1" time="1.137" timestamp="2024-06-02T08:16:55.137000" hostname="fv-az1040-416"><testcase classname="tests.test_example" name="test_add_numbers" time="0.001" /></testsuite></testsuites>