<?xml version="1.0" encoding="utf-8"?><testsuites><testsuite name="pytest" errors="0" failures="0" skipped="0" tests="1" time="1.107" timestamp="2024-09-01T15:28:41.415283+00:00" hostname="fv-az1040-191"><testcase classname="tests.test_example" name="test_add_numbers" time="0.001" /></testsuite></testsuites>