<?xml version="1.0" encoding="utf-8"?><testsuites><testsuite name="pytest" errors="0" failures="0" skipped="0" tests="1" time="1.170" timestamp="2025-05-14T17:05:25.275595+00:00" hostname="fv-az788-957"><testcase classname="tests.test_example" name="test_add_numbers" time="0.001" /></testsuite></testsuites>