<?xml version="1.0" encoding="utf-8"?><testsuites><testsuite name="pytest" errors="0" failures="0" skipped="0" tests="1" time="1.196" timestamp="2024-09-17T19:54:10.514773+00:00" hostname="fv-az770-644"><testcase classname="tests.test_example" name="test_add_numbers" time="0.001" /></testsuite></testsuites>