<?xml version="1.0" encoding="utf-8"?><testsuites><testsuite name="pytest" errors="0" failures="0" skipped="0" tests="1" time="1.119" timestamp="2024-10-22T19:18:47.300941+00:00" hostname="fv-az735-602"><testcase classname="tests.test_example" name="test_add_numbers" time="0.001" /></testsuite></testsuites>