<?xml version="1.0" encoding="utf-8"?><testsuites><testsuite name="pytest" errors="0" failures="0" skipped="0" tests="1" time="1.119" timestamp="2025-05-08T08:42:17.117270+00:00" hostname="fv-az1267-900"><testcase classname="tests.test_example" name="test_add_numbers" time="0.001" /></testsuite></testsuites>