<?xml version="1.0" encoding="utf-8"?><testsuites><testsuite name="pytest" errors="0" failures="0" skipped="0" tests="1" time="1.117" timestamp="2024-06-16T07:23:51.339020" hostname="fv-az1146-427"><testcase classname="tests.test_example" name="test_add_numbers" time="0.001" /></testsuite></testsuites>