<?xml version="1.0" encoding="utf-8"?><testsuites><testsuite name="pytest" errors="0" failures="0" skipped="0" tests="1" time="1.102" timestamp="2024-12-18T19:38:11.725214+00:00" hostname="fv-az654-766"><testcase classname="tests.test_example" name="test_add_numbers" time="0.001" /></testsuite></testsuites>