<?xml version="1.0" encoding="utf-8"?><testsuites name="pytest tests"><testsuite name="pytest" errors="0" failures="0" skipped="0" tests="1" time="1.404" timestamp="2025-09-16T19:21:03.459456+00:00" hostname="runnervmf4ws1"><testcase classname="tests.test_example" name="test_add_numbers" time="0.001" /></testsuite></testsuites>