<?xml version="1.0" encoding="utf-8"?><testsuites><testsuite name="pytest" errors="0" failures="0" skipped="0" tests="1" time="1.094" timestamp="2024-06-16T08:14:55.864758" hostname="fv-az1110-906"><testcase classname="tests.test_example" name="test_add_numbers" time="0.001" /></testsuite></testsuites>