<?xml version="1.0" encoding="utf-8"?><testsuites><testsuite name="pytest" errors="0" failures="0" skipped="0" tests="1" time="0.847" timestamp="2024-04-14T08:01:24.436504" hostname="fv-az849-53"><testcase classname="tests.test_example" name="test_add_numbers" time="0.001" /></testsuite></testsuites>