<?xml version="1.0" encoding="utf-8"?><testsuites><testsuite name="pytest" errors="0" failures="0" skipped="0" tests="1" time="1.099" timestamp="2025-02-06T20:09:13.205056+00:00" hostname="fv-az1307-290"><testcase classname="tests.test_example" name="test_add_numbers" time="0.001" /></testsuite></testsuites>