<?xml version="1.0" encoding="utf-8"?><testsuites><testsuite name="pytest" errors="0" failures="0" skipped="0" tests="1" time="0.785" timestamp="2024-05-14T20:06:09.756198" hostname="fv-az1432-462"><testcase classname="tests.test_example" name="test_add_numbers" time="0.001" /></testsuite></testsuites>