<?xml version="1.0" encoding="utf-8"?><testsuites name="pytest tests"><testsuite name="pytest" errors="0" failures="0" skipped="0" tests="1" time="1.156" timestamp="2025-06-03T19:07:18.561424+00:00" hostname="fv-az1788-264"><testcase classname="tests.test_example" name="test_add_numbers" time="0.001" /></testsuite></testsuites>