<?xml version="1.0" encoding="utf-8"?><testsuites><testsuite name="pytest" errors="0" failures="0" skipped="0" tests="1" time="1.118" timestamp="2024-06-01T17:57:24.927661" hostname="fv-az520-993"><testcase classname="tests.test_example" name="test_add_numbers" time="0.001" /></testsuite></testsuites>