<?xml version="1.0" encoding="utf-8"?><testsuites><testsuite name="pytest" errors="0" failures="0" skipped="0" tests="1" time="0.885" timestamp="2024-04-07T11:30:19.849317" hostname="fv-az1024-396"><testcase classname="tests.test_example" name="test_add_numbers" time="0.001" /></testsuite></testsuites>