<?xml version="1.0" encoding="utf-8"?><testsuites><testsuite name="pytest" errors="0" failures="0" skipped="0" tests="1" time="0.810" timestamp="2024-03-03T17:57:15.291979" hostname="fv-az1148-702"><testcase classname="tests.test_example" name="test_add_numbers" time="0.001" /></testsuite></testsuites>