<?xml version="1.0" encoding="utf-8"?><testsuites><testsuite name="pytest" errors="0" failures="0" skipped="0" tests="1" time="1.164" timestamp="2025-03-25T20:42:40.240250+00:00" hostname="fv-az2224-810"><testcase classname="tests.test_example" name="test_add_numbers" time="0.001" /></testsuite></testsuites>