<?xml version="1.0" encoding="utf-8"?><testsuites><testsuite name="pytest" errors="0" failures="0" skipped="0" tests="1" time="0.825" timestamp="2024-03-02T19:16:33.543170" hostname="fv-az1152-119"><testcase classname="tests.test_example" name="test_add_numbers" time="0.001" /></testsuite></testsuites>