<?xml version="1.0" encoding="utf-8"?><testsuites><testsuite name="pytest" errors="0" failures="0" skipped="0" tests="1" time="1.170" timestamp="2025-05-13T18:37:55.913134+00:00" hostname="fv-az1786-37"><testcase classname="tests.test_example" name="test_add_numbers" time="0.001" /></testsuite></testsuites>