<?xml version="1.0" encoding="utf-8"?><testsuites><testsuite name="pytest" errors="0" failures="0" skipped="0" tests="1" time="0.854" timestamp="2024-05-15T18:28:11.063250" hostname="fv-az573-576"><testcase classname="tests.test_example" name="test_add_numbers" time="0.001" /></testsuite></testsuites>