<?xml version="1.0" encoding="utf-8"?><testsuites><testsuite name="pytest" errors="0" failures="0" skipped="0" tests="1" time="1.158" timestamp="2024-10-09T16:54:23.080159+00:00" hostname="fv-az1538-928"><testcase classname="tests.test_example" name="test_add_numbers" time="0.001" /></testsuite></testsuites>