<?xml version="1.0" encoding="utf-8"?><testsuites><testsuite name="pytest" errors="0" failures="0" skipped="0" tests="1" time="0.834" timestamp="2024-03-17T10:08:04.891769" hostname="fv-az564-158"><testcase classname="tests.test_example" name="test_add_numbers" time="0.001" /></testsuite></testsuites>