<?xml version="1.0" encoding="utf-8"?><testsuites><testsuite name="pytest" errors="0" failures="0" skipped="0" tests="1" time="1.080" timestamp="2024-09-18T18:12:06.577492+00:00" hostname="fv-az530-206"><testcase classname="tests.test_example" name="test_add_numbers" time="0.001" /></testsuite></testsuites>