<?xml version="1.0" encoding="utf-8"?><testsuites><testsuite name="pytest" errors="0" failures="0" skipped="0" tests="1" time="0.829" timestamp="2024-04-04T15:50:03.673589" hostname="fv-az661-866"><testcase classname="tests.test_example" name="test_add_numbers" time="0.001" /></testsuite></testsuites>