<?xml version="1.0" encoding="utf-8"?><testsuites><testsuite name="pytest" errors="0" failures="0" skipped="0" tests="1" time="1.152" timestamp="2024-10-08T19:59:28.111700+00:00" hostname="fv-az1040-652"><testcase classname="tests.test_example" name="test_add_numbers" time="0.001" /></testsuite></testsuites>