<?xml version="1.0" encoding="utf-8"?><testsuites><testsuite name="pytest" errors="0" failures="0" skipped="0" tests="1" time="1.094" timestamp="2024-08-22T18:15:23.383298+00:00" hostname="fv-az1980-342"><testcase classname="tests.test_example" name="test_add_numbers" time="0.001" /></testsuite></testsuites>