<?xml version="1.0" encoding="utf-8"?><testsuites><testsuite name="pytest" errors="0" failures="0" skipped="0" tests="1" time="0.771" timestamp="2024-05-21T04:57:50.161005" hostname="fv-az575-629"><testcase classname="tests.test_example" name="test_add_numbers" time="0.001" /></testsuite></testsuites>