<?xml version="1.0" encoding="utf-8"?><testsuites><testsuite name="pytest" errors="0" failures="0" skipped="0" tests="1" time="1.171" timestamp="2025-05-24T16:51:45.488491+00:00" hostname="fv-az798-452"><testcase classname="tests.test_example" name="test_add_numbers" time="0.001" /></testsuite></testsuites>