<?xml version="1.0" encoding="utf-8"?><testsuites><testsuite name="pytest" errors="0" failures="0" skipped="0" tests="1" time="1.131" timestamp="2025-03-20T19:38:08.054179+00:00" hostname="fv-az1288-351"><testcase classname="tests.test_example" name="test_add_numbers" time="0.001" /></testsuite></testsuites>