<?xml version="1.0" encoding="utf-8"?><testsuites><testsuite name="pytest" errors="0" failures="0" skipped="0" tests="1" time="1.167" timestamp="2024-08-07T12:14:43.675509+00:00" hostname="fv-az1756-819"><testcase classname="tests.test_example" name="test_add_numbers" time="0.001" /></testsuite></testsuites>