<?xml version="1.0" encoding="utf-8"?><testsuites><testsuite name="pytest" errors="0" failures="0" skipped="0" tests="1" time="0.821" timestamp="2024-04-03T18:14:43.351442" hostname="fv-az1530-585"><testcase classname="tests.test_example" name="test_add_numbers" time="0.001" /></testsuite></testsuites>