<?xml version="1.0" encoding="utf-8"?><testsuites><testsuite name="pytest" errors="0" failures="0" skipped="0" tests="1" time="1.121" timestamp="2024-08-21T19:26:00.703081+00:00" hostname="fv-az1110-362"><testcase classname="tests.test_example" name="test_add_numbers" time="0.001" /></testsuite></testsuites>