<?xml version="1.0" encoding="utf-8"?><testsuites><testsuite name="pytest" errors="0" failures="0" skipped="0" tests="1" time="0.774" timestamp="2024-05-20T14:02:26.987695" hostname="fv-az1435-553"><testcase classname="tests.test_example" name="test_add_numbers" time="0.001" /></testsuite></testsuites>