<?xml version="1.0" encoding="utf-8"?><testsuites><testsuite name="pytest" errors="0" failures="0" skipped="0" tests="1" time="1.096" timestamp="2024-08-20T21:12:49.937489+00:00" hostname="fv-az1114-121"><testcase classname="tests.test_example" name="test_add_numbers" time="0.001" /></testsuite></testsuites>