<?xml version="1.0" encoding="utf-8"?><testsuites><testsuite name="pytest" errors="0" failures="0" skipped="0" tests="1" time="1.099" timestamp="2024-09-01T13:04:29.674600+00:00" hostname="fv-az735-753"><testcase classname="tests.test_example" name="test_add_numbers" time="0.001" /></testsuite></testsuites>