<?xml version="1.0" encoding="utf-8"?><testsuites><testsuite name="pytest" errors="0" failures="0" skipped="0" tests="1" time="0.819" timestamp="2024-04-07T11:37:15.710139" hostname="fv-az1249-289"><testcase classname="tests.test_example" name="test_add_numbers" time="0.001" /></testsuite></testsuites>