<?xml version="1.0" encoding="utf-8"?><testsuites><testsuite name="pytest" errors="0" failures="0" skipped="0" tests="1" time="1.260" timestamp="2024-08-22T18:39:08.403464+00:00" hostname="fv-az1206-472"><testcase classname="tests.test_example" name="test_add_numbers" time="0.001" /></testsuite></testsuites>