<?xml version="1.0" encoding="utf-8"?><testsuites><testsuite name="pytest" errors="0" failures="0" skipped="0" tests="1" time="0.798" timestamp="2024-03-06T17:59:31.022297" hostname="fv-az1391-248"><testcase classname="tests.test_example" name="test_add_numbers" time="0.001" /></testsuite></testsuites>