<?xml version="1.0" encoding="utf-8"?><testsuites><testsuite name="pytest" errors="0" failures="0" skipped="0" tests="1" time="1.098" timestamp="2025-03-18T21:34:55.162284+00:00" hostname="fv-az1065-884"><testcase classname="tests.test_example" name="test_add_numbers" time="0.001" /></testsuite></testsuites>