<?xml version="1.0" encoding="utf-8"?><testsuites name="pytest tests"><testsuite name="pytest" errors="0" failures="0" skipped="0" tests="1" time="1.129" timestamp="2025-06-03T19:06:40.569879+00:00" hostname="fv-az1344-485"><testcase classname="tests.test_example" name="test_add_numbers" time="0.001" /></testsuite></testsuites>