<?xml version="1.0" encoding="utf-8"?><testsuites><testsuite name="pytest" errors="0" failures="0" skipped="0" tests="1" time="0.840" timestamp="2024-04-04T14:24:11.072100" hostname="fv-az1208-621"><testcase classname="tests.test_example" name="test_add_numbers" time="0.001" /></testsuite></testsuites>