<?xml version="1.0" encoding="utf-8"?><testsuites><testsuite name="pytest" errors="0" failures="0" skipped="0" tests="1" time="1.168" timestamp="2025-03-28T14:56:06.451848+00:00" hostname="fv-az1341-732"><testcase classname="tests.test_example" name="test_add_numbers" time="0.001" /></testsuite></testsuites>