<?xml version="1.0" encoding="utf-8"?><testsuites><testsuite name="pytest" errors="0" failures="0" skipped="0" tests="1" time="0.859" timestamp="2024-04-04T19:21:01.928006" hostname="fv-az525-184"><testcase classname="tests.test_example" name="test_add_numbers" time="0.001" /></testsuite></testsuites>