<?xml version="1.0" encoding="utf-8"?><testsuites><testsuite name="pytest" errors="0" failures="0" skipped="0" tests="1" time="0.809" timestamp="2024-03-06T17:38:50.208024" hostname="fv-az881-710"><testcase classname="tests.test_example" name="test_add_numbers" time="0.001" /></testsuite></testsuites>