<?xml version="1.0" encoding="utf-8"?><testsuites><testsuite name="pytest" errors="0" failures="0" skipped="0" tests="1" time="0.800" timestamp="2024-05-24T19:24:38.912267" hostname="fv-az654-382"><testcase classname="tests.test_example" name="test_add_numbers" time="0.001" /></testsuite></testsuites>