<?xml version="1.0" encoding="utf-8"?><testsuites><testsuite name="pytest" errors="0" failures="0" skipped="0" tests="1" time="1.205" timestamp="2025-03-15T18:53:50.485718+00:00" hostname="fv-az1657-621"><testcase classname="tests.test_example" name="test_add_numbers" time="0.001" /></testsuite></testsuites>