<?xml version="1.0" encoding="utf-8"?><testsuites><testsuite name="pytest" errors="0" failures="0" skipped="0" tests="1" time="1.140" timestamp="2024-08-13T18:32:55.987170+00:00" hostname="fv-az1020-60"><testcase classname="tests.test_example" name="test_add_numbers" time="0.001" /></testsuite></testsuites>