<?xml version="1.0" encoding="utf-8"?><testsuites><testsuite name="pytest" errors="0" failures="0" skipped="0" tests="1" time="1.178" timestamp="2025-04-30T19:43:23.383077+00:00" hostname="fv-az1377-860"><testcase classname="tests.test_example" name="test_add_numbers" time="0.001" /></testsuite></testsuites>